2022-11-13 14:14:43: -- Analysis Started by User Command
2022-11-13 14:14:43: L: State file does not exist: C:/dev/Diploma/movies-explorer-frontend/_gsdata_/_file_state_v4._gs
2022-11-13 14:14:45: R: State file does not exist: //192.168.1.25/papaka/movies-explorer-frontend/_gsdata_/_file_state_v4._gs
2022-11-13 14:15:40: /node_modules/.cache/.eslintcache: Conflict: New files that differ
2022-11-13 14:15:40: /node_modules/.cache/default-development/0.pack: Conflict: New files that differ
2022-11-13 14:15:40: /node_modules/.cache/default-development/1.pack: Conflict: New files that differ
2022-11-13 14:15:40: /node_modules/.cache/default-development/11.pack: Conflict: New files that differ
2022-11-13 14:15:40: /node_modules/.cache/default-development/12.pack: Conflict: New files that differ
2022-11-13 14:15:40: /node_modules/.cache/default-development/15.pack: Conflict: New files that differ
2022-11-13 14:15:40: /node_modules/.cache/default-development/17.pack: Conflict: New files that differ
2022-11-13 14:15:40: /node_modules/.cache/default-development/18.pack: Conflict: New files that differ
2022-11-13 14:15:40: /node_modules/.cache/default-development/19.pack: Conflict: New files that differ
2022-11-13 14:15:40: /node_modules/.cache/default-development/2.pack: Conflict: New files that differ
2022-11-13 14:15:40: /node_modules/.cache/default-development/20.pack: Conflict: New files that differ
2022-11-13 14:15:40: /node_modules/.cache/default-development/21.pack: Conflict: New files that differ
2022-11-13 14:15:40: /node_modules/.cache/default-development/22.pack: Conflict: New files that differ
2022-11-13 14:15:40: /node_modules/.cache/default-development/3.pack: Conflict: New files that differ
2022-11-13 14:15:40: /node_modules/.cache/default-development/5.pack: Conflict: New files that differ
2022-11-13 14:15:40: /node_modules/.cache/default-development/7.pack: Conflict: New files that differ
2022-11-13 14:15:40: /node_modules/.cache/default-development/8.pack: Conflict: New files that differ
2022-11-13 14:15:40: /node_modules/.cache/default-development/9.pack: Conflict: New files that differ
2022-11-13 14:15:40: /node_modules/.cache/default-development/index.pack: Conflict: New files that differ
2022-11-13 14:15:40: /node_modules/.cache/default-development/index.pack.old: Conflict: New files that differ
2022-11-13 14:15:41: /src/components/App/App.js: Conflict: New files that differ
2022-11-13 14:15:41: /src/components/Burger/Burger.css: Conflict: New files that differ
2022-11-13 14:15:41: /src/components/Burger/Burger.js: Conflict: New files that differ
2022-11-13 14:15:41: /src/components/Header/Header.css: Conflict: New files that differ
2022-11-13 14:15:41: /src/components/MoviesCard/MoviesCard.css: Conflict: New files that differ
2022-11-13 14:15:41: Analyze has finished with Conflicts. Resolve Conflicts by selecting the correct sync direction, then click Sync
2022-11-13 14:15:41: Changes: 32, Conflicts: 25, CopyTime: 0, FixState: 42 614, Errors: 0, All: 42648
2022-11-13 14:15:41: Left to Right: Copy File: 4 
2022-11-13 14:15:41: Right to Left: Copy File: 3 
2022-11-13 14:15:41: -- Analysis Complete. Time 00:00:58, Speed: 735 files/s
